<?xml version="1.0" encoding="UTF-8"?>
<!-- Generated by org.testng.reporters.JUnitReportReporter -->
<testsuite skipped="0" hostname="sonus-Air" name="com.tweeter.statuses.UserTimeLineTest" tests="2" failures="0" timestamp="16 Feb 2019 17:16:26 GMT" time="5.228" errors="0">
  <testcase name="readTweetsTwo" time="0.757" classname="com.tweeter.statuses.UserTimeLineTest"/>
  <testcase name="readTweetsOne" time="4.471" classname="com.tweeter.statuses.UserTimeLineTest"/>
</testsuite> <!-- com.tweeter.statuses.UserTimeLineTest -->
